<?xml version="1.0" encoding="UTF-8"?>
<!-- Generated by org.testng.reporters.JUnitReportReporter -->
<testsuite hostname="DESKTOP-L7E7ROD" failures="0" tests="1" name="Script.DependsOnMethod" time="0.011" errors="0" timestamp="2023-06-19T17:08:08 IST" skipped="0">
  <testcase classname="Script.DependsOnMethod" name="test1" time="0.011"/>
  <system-out/>
</testsuite> <!-- Script.DependsOnMethod -->
