<?xml version="1.0" encoding="UTF-8"?>
<!-- Generated by org.testng.reporters.JUnitReportReporter -->
<testsuite hostname="DESKTOP-L7E7ROD" failures="0" tests="14" name="Script.JPPattern1" time="0.083" errors="0" timestamp="2023-06-20T16:43:03 IST" skipped="0">
  <testcase classname="Script.JPPattern1" name="pattern2" time="0.002"/>
  <system-out>
    <![CDATA[pattern2 test started successfully]]>
  </system-out>
  <testcase classname="Script.JPPattern1" name="pattern" time="0.020"/>
  <system-out>
    <![CDATA[pattern test started successfully]]>
  </system-out>
  <testcase classname="Script.JPPattern1" name="pattern1" time="0.004"/>
  <system-out>
    <![CDATA[pattern1 test started successfully]]>
  </system-out>
  <testcase classname="Script.JPPattern1" name="test1" time="0.003"/>
  <system-out>
    <![CDATA[test1 test started successfully]]>
  </system-out>
  <testcase classname="Script.JPPattern1" name="tes11" time="0.013"/>
  <system-out>
    <![CDATA[tes11 test started successfully]]>
  </system-out>
  <testcase classname="Script.JPPattern1" name="test2" time="0.006"/>
  <system-out>
    <![CDATA[test2 test started successfully]]>
  </system-out>
  <testcase classname="Script.JPPattern1" name="test22" time="0.011"/>
  <system-out>
    <![CDATA[test22 test started successfully]]>
  </system-out>
  <testcase classname="Script.JPPattern1" name="test21" time="0.001"/>
  <system-out>
    <![CDATA[test21 test started successfully]]>
  </system-out>
  <testcase classname="Script.JPPattern1" name="test3" time="0.007"/>
  <system-out>
    <![CDATA[test3 test started successfully]]>
  </system-out>
  <testcase classname="Script.JPPattern1" name="test4" time="0.005"/>
  <system-out>
    <![CDATA[test4 test started successfully]]>
  </system-out>
  <testcase classname="Script.JPPattern1" name="test5" time="0.002"/>
  <system-out>
    <![CDATA[test5 test started successfully]]>
  </system-out>
  <testcase classname="Script.JPPattern1" name="test6" time="0.004"/>
  <system-out>
    <![CDATA[test6 test started successfully]]>
  </system-out>
  <testcase classname="Script.JPPattern1" name="test7" time="0.001"/>
  <system-out>
    <![CDATA[test7 test started successfully]]>
  </system-out>
  <testcase classname="Script.JPPattern1" name="test8" time="0.004"/>
  <system-out>
    <![CDATA[test8 test started successfully]]>
  </system-out>
</testsuite> <!-- Script.JPPattern1 -->
